<?xml version="1.0" encoding="UTF-8"?>
<!-- Generated by org.testng.reporters.JUnitReportReporter -->
<testsuite hostname="Mutellip" failures="0" tests="2" name="com.crm.qa.testcases.LoginPageTest" time="27.638" errors="0" timestamp="2019-09-23T11:17:51 EDT" skipped="0">
  <testcase classname="com.crm.qa.testcases.LoginPageTest" name="loginPageTiteTest" time="12.681"/>
  <testcase classname="com.crm.qa.testcases.LoginPageTest" name="loginTest" time="14.957"/>
</testsuite> <!-- com.crm.qa.testcases.LoginPageTest -->
