<?xml version="1.0" encoding="UTF-8"?>
<!-- Generated by org.testng.reporters.JUnitReportReporter -->
<testsuite hostname="Mutellip" failures="0" tests="5" name="com.crm.qa.testcases.ContactsPageTest" time="101.535" errors="0" timestamp="2019-09-23T11:17:51 EDT" skipped="0">
  <testcase classname="com.crm.qa.testcases.ContactsPageTest" name="verifyCheckbox" time="17.917"/>
  <testcase classname="com.crm.qa.testcases.ContactsPageTest" name="saveInfo" time="18.963"/>
  <testcase classname="com.crm.qa.testcases.ContactsPageTest" name="saveInfo" time="18.841"/>
  <testcase classname="com.crm.qa.testcases.ContactsPageTest" name="saveInfo" time="21.760"/>
  <testcase classname="com.crm.qa.testcases.ContactsPageTest" name="saveInfo" time="24.054"/>
</testsuite> <!-- com.crm.qa.testcases.ContactsPageTest -->
