<?xml version="1.0" encoding="UTF-8"?>
<!-- Generated by org.testng.reporters.JUnitReportReporter -->
<testsuite hostname="Mutellip" failures="0" tests="3" name="com.crm.qa.testcases.HomePageTest" time="46.716" errors="0" timestamp="2019-09-23T11:17:51 EDT" skipped="0">
  <testcase classname="com.crm.qa.testcases.HomePageTest" name="ContactsPageVerify" time="16.011"/>
  <testcase classname="com.crm.qa.testcases.HomePageTest" name="logoVerify" time="15.558"/>
  <testcase classname="com.crm.qa.testcases.HomePageTest" name="verifyHomePageTitle" time="15.147"/>
</testsuite> <!-- com.crm.qa.testcases.HomePageTest -->
